<?xml version="1.0" encoding="UTF-8"?>
<testsuite xmlns:xsi="http://www.w3.org/2001/XMLSchema-instance" xsi:noNamespaceSchemaLocation="https://maven.apache.org/surefire/maven-surefire-plugin/xsd/surefire-test-report-3.0.xsd" version="3.0" name="edu.byu.cs.sonar.MainTest" time="0.016" tests="2" errors="0" skipped="0" failures="0">
  <properties>
[...]
</properties>
  <testcase name="testMainFail" classname="edu.byu.cs.sonar.MainTest" time="0.016">
    <system-err><![CDATA[Did not find dictionary file. bad1.txt (The system cannot find the file specified)
]]></system-err>
  </testcase>
  <testcase name="testMainPass" classname="edu.byu.cs.sonar.MainTest" time="0">
    <system-out><![CDATA[was times was It It 
]]></system-out>
  </testcase>
</testsuite>